[14-Mar-2021 20:51:42 Europe/Kiev] PHP Notice:  Undefined property: CategoryController::$view in C:\xampp\htdocs\spider.com\app\Controllers\Admin\CategoryController.php on line 14
[14-Mar-2021 20:51:42 Europe/Kiev] PHP Fatal error:  Uncaught Error: Call to a member function render() on null in C:\xampp\htdocs\spider.com\app\Controllers\Admin\CategoryController.php:14
Stack trace:
#0 C:\xampp\htdocs\spider.com\core\Router.php(32): CategoryController->create()
#1 C:\xampp\htdocs\spider.com\core\Router.php(40): initController('C:\\xampp\\htdocs...', Object(CategoryController), 'create')
#2 C:\xampp\htdocs\spider.com\core\App.php(37): require_once('C:\\xampp\\htdocs...')
#3 C:\xampp\htdocs\spider.com\bootstrap\app.php(24): App->run()
#4 C:\xampp\htdocs\spider.com\public\index.php(2): require_once('C:\\xampp\\htdocs...')
#5 {main}
  thrown in C:\xampp\htdocs\spider.com\app\Controllers\Admin\CategoryController.php on line 14
[14-Mar-2021 21:11:39 Europe/Kiev] PHP Fatal error:  Uncaught Error: Call to undefined function render() in C:\xampp\htdocs\spider.com\app\Controllers\ErrorController.php:9
Stack trace:
#0 C:\xampp\htdocs\spider.com\core\Router.php(45): include_once()
#1 C:\xampp\htdocs\spider.com\core\App.php(37): require_once('C:\\xampp\\htdocs...')
#2 C:\xampp\htdocs\spider.com\bootstrap\app.php(24): App->run()
#3 C:\xampp\htdocs\spider.com\public\index.php(2): require_once('C:\\xampp\\htdocs...')
#4 {main}
  thrown in C:\xampp\htdocs\spider.com\app\Controllers\ErrorController.php on line 9
[14-Mar-2021 21:11:39 Europe/Kiev] PHP Fatal error:  Uncaught Error: Call to undefined function render() in C:\xampp\htdocs\spider.com\app\Controllers\ErrorController.php:9
Stack trace:
#0 C:\xampp\htdocs\spider.com\core\Router.php(45): include_once()
#1 C:\xampp\htdocs\spider.com\core\App.php(37): require_once('C:\\xampp\\htdocs...')
#2 C:\xampp\htdocs\spider.com\bootstrap\app.php(24): App->run()
#3 C:\xampp\htdocs\spider.com\public\index.php(2): require_once('C:\\xampp\\htdocs...')
#4 {main}
  thrown in C:\xampp\htdocs\spider.com\app\Controllers\ErrorController.php on line 9
[14-Mar-2021 21:11:40 Europe/Kiev] PHP Fatal error:  Uncaught Error: Call to undefined function render() in C:\xampp\htdocs\spider.com\app\Controllers\ErrorController.php:9
Stack trace:
#0 C:\xampp\htdocs\spider.com\core\Router.php(45): include_once()
#1 C:\xampp\htdocs\spider.com\core\App.php(37): require_once('C:\\xampp\\htdocs...')
#2 C:\xampp\htdocs\spider.com\bootstrap\app.php(24): App->run()
#3 C:\xampp\htdocs\spider.com\public\index.php(2): require_once('C:\\xampp\\htdocs...')
#4 {main}
  thrown in C:\xampp\htdocs\spider.com\app\Controllers\ErrorController.php on line 9
[14-Mar-2021 21:11:40 Europe/Kiev] PHP Fatal error:  Uncaught Error: Call to undefined function render() in C:\xampp\htdocs\spider.com\app\Controllers\ErrorController.php:9
Stack trace:
#0 C:\xampp\htdocs\spider.com\core\Router.php(45): include_once()
#1 C:\xampp\htdocs\spider.com\core\App.php(37): require_once('C:\\xampp\\htdocs...')
#2 C:\xampp\htdocs\spider.com\bootstrap\app.php(24): App->run()
#3 C:\xampp\htdocs\spider.com\public\index.php(2): require_once('C:\\xampp\\htdocs...')
#4 {main}
  thrown in C:\xampp\htdocs\spider.com\app\Controllers\ErrorController.php on line 9
[14-Mar-2021 21:11:41 Europe/Kiev] PHP Fatal error:  Uncaught Error: Call to undefined function render() in C:\xampp\htdocs\spider.com\app\Controllers\ErrorController.php:9
Stack trace:
#0 C:\xampp\htdocs\spider.com\core\Router.php(45): include_once()
#1 C:\xampp\htdocs\spider.com\core\App.php(37): require_once('C:\\xampp\\htdocs...')
#2 C:\xampp\htdocs\spider.com\bootstrap\app.php(24): App->run()
#3 C:\xampp\htdocs\spider.com\public\index.php(2): require_once('C:\\xampp\\htdocs...')
#4 {main}
  thrown in C:\xampp\htdocs\spider.com\app\Controllers\ErrorController.php on line 9
[14-Mar-2021 21:11:41 Europe/Kiev] PHP Fatal error:  Uncaught Error: Call to undefined function render() in C:\xampp\htdocs\spider.com\app\Controllers\ErrorController.php:9
Stack trace:
#0 C:\xampp\htdocs\spider.com\core\Router.php(45): include_once()
#1 C:\xampp\htdocs\spider.com\core\App.php(37): require_once('C:\\xampp\\htdocs...')
#2 C:\xampp\htdocs\spider.com\bootstrap\app.php(24): App->run()
#3 C:\xampp\htdocs\spider.com\public\index.php(2): require_once('C:\\xampp\\htdocs...')
#4 {main}
  thrown in C:\xampp\htdocs\spider.com\app\Controllers\ErrorController.php on line 9
[14-Mar-2021 21:11:41 Europe/Kiev] PHP Fatal error:  Uncaught Error: Call to undefined function render() in C:\xampp\htdocs\spider.com\app\Controllers\ErrorController.php:9
Stack trace:
#0 C:\xampp\htdocs\spider.com\core\Router.php(45): include_once()
#1 C:\xampp\htdocs\spider.com\core\App.php(37): require_once('C:\\xampp\\htdocs...')
#2 C:\xampp\htdocs\spider.com\bootstrap\app.php(24): App->run()
#3 C:\xampp\htdocs\spider.com\public\index.php(2): require_once('C:\\xampp\\htdocs...')
#4 {main}
  thrown in C:\xampp\htdocs\spider.com\app\Controllers\ErrorController.php on line 9
[14-Mar-2021 21:11:41 Europe/Kiev] PHP Fatal error:  Uncaught Error: Call to undefined function render() in C:\xampp\htdocs\spider.com\app\Controllers\ErrorController.php:9
Stack trace:
#0 C:\xampp\htdocs\spider.com\core\Router.php(45): include_once()
#1 C:\xampp\htdocs\spider.com\core\App.php(37): require_once('C:\\xampp\\htdocs...')
#2 C:\xampp\htdocs\spider.com\bootstrap\app.php(24): App->run()
#3 C:\xampp\htdocs\spider.com\public\index.php(2): require_once('C:\\xampp\\htdocs...')
#4 {main}
  thrown in C:\xampp\htdocs\spider.com\app\Controllers\ErrorController.php on line 9
[14-Mar-2021 21:11:44 Europe/Kiev] PHP Fatal error:  Uncaught Error: Call to undefined function render() in C:\xampp\htdocs\spider.com\app\Controllers\ErrorController.php:9
Stack trace:
#0 C:\xampp\htdocs\spider.com\core\Router.php(45): include_once()
#1 C:\xampp\htdocs\spider.com\core\App.php(37): require_once('C:\\xampp\\htdocs...')
#2 C:\xampp\htdocs\spider.com\bootstrap\app.php(24): App->run()
#3 C:\xampp\htdocs\spider.com\public\index.php(2): require_once('C:\\xampp\\htdocs...')
#4 {main}
  thrown in C:\xampp\htdocs\spider.com\app\Controllers\ErrorController.php on line 9
[15-Mar-2021 11:34:33 Europe/Kiev] PHP Fatal error:  Uncaught Error: Call to undefined function render() in C:\xampp\htdocs\spider.com\app\Controllers\ErrorController.php:9
Stack trace:
#0 C:\xampp\htdocs\spider.com\core\Router.php(45): include_once()
#1 C:\xampp\htdocs\spider.com\core\App.php(37): require_once('C:\\xampp\\htdocs...')
#2 C:\xampp\htdocs\spider.com\bootstrap\app.php(24): App->run()
#3 C:\xampp\htdocs\spider.com\public\index.php(2): require_once('C:\\xampp\\htdocs...')
#4 {main}
  thrown in C:\xampp\htdocs\spider.com\app\Controllers\ErrorController.php on line 9
[15-Mar-2021 11:34:33 Europe/Kiev] PHP Fatal error:  Uncaught Error: Call to undefined function render() in C:\xampp\htdocs\spider.com\app\Controllers\ErrorController.php:9
Stack trace:
#0 C:\xampp\htdocs\spider.com\core\Router.php(45): include_once()
#1 C:\xampp\htdocs\spider.com\core\App.php(37): require_once('C:\\xampp\\htdocs...')
#2 C:\xampp\htdocs\spider.com\bootstrap\app.php(24): App->run()
#3 C:\xampp\htdocs\spider.com\public\index.php(2): require_once('C:\\xampp\\htdocs...')
#4 {main}
  thrown in C:\xampp\htdocs\spider.com\app\Controllers\ErrorController.php on line 9
[15-Mar-2021 11:34:34 Europe/Kiev] PHP Fatal error:  Uncaught Error: Call to undefined function render() in C:\xampp\htdocs\spider.com\app\Controllers\ErrorController.php:9
Stack trace:
#0 C:\xampp\htdocs\spider.com\core\Router.php(45): include_once()
#1 C:\xampp\htdocs\spider.com\core\App.php(37): require_once('C:\\xampp\\htdocs...')
#2 C:\xampp\htdocs\spider.com\bootstrap\app.php(24): App->run()
#3 C:\xampp\htdocs\spider.com\public\index.php(2): require_once('C:\\xampp\\htdocs...')
#4 {main}
  thrown in C:\xampp\htdocs\spider.com\app\Controllers\ErrorController.php on line 9
[15-Mar-2021 11:34:35 Europe/Kiev] PHP Fatal error:  Uncaught Error: Call to undefined function render() in C:\xampp\htdocs\spider.com\app\Controllers\ErrorController.php:9
Stack trace:
#0 C:\xampp\htdocs\spider.com\core\Router.php(45): include_once()
#1 C:\xampp\htdocs\spider.com\core\App.php(37): require_once('C:\\xampp\\htdocs...')
#2 C:\xampp\htdocs\spider.com\bootstrap\app.php(24): App->run()
#3 C:\xampp\htdocs\spider.com\public\index.php(2): require_once('C:\\xampp\\htdocs...')
#4 {main}
  thrown in C:\xampp\htdocs\spider.com\app\Controllers\ErrorController.php on line 9
[15-Mar-2021 11:34:35 Europe/Kiev] PHP Fatal error:  Uncaught Error: Call to undefined function render() in C:\xampp\htdocs\spider.com\app\Controllers\ErrorController.php:9
Stack trace:
#0 C:\xampp\htdocs\spider.com\core\Router.php(45): include_once()
#1 C:\xampp\htdocs\spider.com\core\App.php(37): require_once('C:\\xampp\\htdocs...')
#2 C:\xampp\htdocs\spider.com\bootstrap\app.php(24): App->run()
#3 C:\xampp\htdocs\spider.com\public\index.php(2): require_once('C:\\xampp\\htdocs...')
#4 {main}
  thrown in C:\xampp\htdocs\spider.com\app\Controllers\ErrorController.php on line 9
[15-Mar-2021 11:34:35 Europe/Kiev] PHP Fatal error:  Uncaught Error: Call to undefined function render() in C:\xampp\htdocs\spider.com\app\Controllers\ErrorController.php:9
Stack trace:
#0 C:\xampp\htdocs\spider.com\core\Router.php(45): include_once()
#1 C:\xampp\htdocs\spider.com\core\App.php(37): require_once('C:\\xampp\\htdocs...')
#2 C:\xampp\htdocs\spider.com\bootstrap\app.php(24): App->run()
#3 C:\xampp\htdocs\spider.com\public\index.php(2): require_once('C:\\xampp\\htdocs...')
#4 {main}
  thrown in C:\xampp\htdocs\spider.com\app\Controllers\ErrorController.php on line 9
[15-Mar-2021 11:34:35 Europe/Kiev] PHP Fatal error:  Uncaught Error: Call to undefined function render() in C:\xampp\htdocs\spider.com\app\Controllers\ErrorController.php:9
Stack trace:
#0 C:\xampp\htdocs\spider.com\core\Router.php(45): include_once()
#1 C:\xampp\htdocs\spider.com\core\App.php(37): require_once('C:\\xampp\\htdocs...')
#2 C:\xampp\htdocs\spider.com\bootstrap\app.php(24): App->run()
#3 C:\xampp\htdocs\spider.com\public\index.php(2): require_once('C:\\xampp\\htdocs...')
#4 {main}
  thrown in C:\xampp\htdocs\spider.com\app\Controllers\ErrorController.php on line 9
[15-Mar-2021 11:34:51 Europe/Kiev] PHP Fatal error:  Uncaught Error: Call to undefined function render() in C:\xampp\htdocs\spider.com\app\Controllers\HomeController.php:12
Stack trace:
#0 C:\xampp\htdocs\spider.com\core\Router.php(32): HomeController->index()
#1 C:\xampp\htdocs\spider.com\core\Router.php(40): initController('C:\\xampp\\htdocs...', Object(HomeController), 'index')
#2 C:\xampp\htdocs\spider.com\core\App.php(37): require_once('C:\\xampp\\htdocs...')
#3 C:\xampp\htdocs\spider.com\bootstrap\app.php(24): App->run()
#4 C:\xampp\htdocs\spider.com\public\index.php(2): require_once('C:\\xampp\\htdocs...')
#5 {main}
  thrown in C:\xampp\htdocs\spider.com\app\Controllers\HomeController.php on line 12
[15-Mar-2021 11:35:07 Europe/Kiev] PHP Fatal error:  Uncaught Error: Call to undefined function render() in C:\xampp\htdocs\spider.com\app\Controllers\ErrorController.php:9
Stack trace:
#0 C:\xampp\htdocs\spider.com\core\Router.php(45): include_once()
#1 C:\xampp\htdocs\spider.com\core\App.php(37): require_once('C:\\xampp\\htdocs...')
#2 C:\xampp\htdocs\spider.com\bootstrap\app.php(24): App->run()
#3 C:\xampp\htdocs\spider.com\public\index.php(2): require_once('C:\\xampp\\htdocs...')
#4 {main}
  thrown in C:\xampp\htdocs\spider.com\app\Controllers\ErrorController.php on line 9
[15-Mar-2021 14:56:30 Europe/Kiev] PHP Notice:  Undefined index: status in C:\xampp\htdocs\spider.com\app\Controllers\Admin\CategoryController.php on line 20
[15-Mar-2021 18:19:50 Europe/Kiev] PHP Notice:  Undefined index: DB_HOST in C:\xampp\htdocs\spider.com\app\Controllers\ContactsController.php on line 20
[15-Mar-2021 18:19:50 Europe/Kiev] PHP Notice:  Undefined index: DB_USERNAME in C:\xampp\htdocs\spider.com\app\Controllers\ContactsController.php on line 21
[15-Mar-2021 18:19:50 Europe/Kiev] PHP Notice:  Undefined index: DB_PASSWORD in C:\xampp\htdocs\spider.com\app\Controllers\ContactsController.php on line 21
[15-Mar-2021 18:19:50 Europe/Kiev] PHP Notice:  Undefined index: DB_NAME in C:\xampp\htdocs\spider.com\app\Controllers\ContactsController.php on line 22
[15-Mar-2021 18:19:50 Europe/Kiev] PHP Warning:  mysqli_connect(): (HY000/1045): Access denied for user ''@'localhost' (using password: NO) in C:\xampp\htdocs\spider.com\app\Controllers\ContactsController.php on line 22
[15-Mar-2021 18:19:50 Europe/Kiev] PHP Warning:  mysqli_query() expects parameter 1 to be mysqli, bool given in C:\xampp\htdocs\spider.com\app\Controllers\ContactsController.php on line 42
[15-Mar-2021 18:19:50 Europe/Kiev] PHP Warning:  mysqli_num_rows() expects parameter 1 to be mysqli_result, null given in C:\xampp\htdocs\spider.com\app\Controllers\ContactsController.php on line 43
[15-Mar-2021 18:19:50 Europe/Kiev] PHP Warning:  mysqli_error() expects parameter 1 to be mysqli, bool given in C:\xampp\htdocs\spider.com\app\Controllers\ContactsController.php on line 46
[15-Mar-2021 18:19:50 Europe/Kiev] PHP Warning:  mysqli_close() expects parameter 1 to be mysqli, bool given in C:\xampp\htdocs\spider.com\app\Controllers\ContactsController.php on line 49
